<?xml version="1.0" encoding="UTF-8"?>
<!-- Generated by org.testng.reporters.JUnitXMLReporter -->
<testsuite ignored="2" hostname="SANJANA" failures="0" tests="1" name="Test" time="0.133" errors="0" timestamp="2024-08-13T15:30:15 IST">
  <testcase classname="Basic.groups" name="test1" time="0.011"/>
  <testcase classname="Basic.groups" name="test3" time="0.0">
    <ignored/>
  </testcase> <!-- test3 -->
  <testcase classname="Basic.groups" name="test2" time="0.0">
    <ignored/>
  </testcase> <!-- test2 -->
</testsuite> <!-- Test -->
