<?xml version="1.0" encoding="UTF-8"?>
<testng-results ignored="0" total="1" passed="1" failed="0" skipped="0">
  <reporter-output>
  </reporter-output>
  <suite started-at="2024-08-13T15:30:15 IST" name="Suite" finished-at="2024-08-13T15:30:15 IST" duration-ms="133">
    <groups>
      <group name="sanity">
        <method signature="groups.test1()[pri:0, instance:Basic.groups@4686afc2]" name="test1" class="Basic.groups"/>
      </group> <!-- sanity -->
    </groups>
    <test started-at="2024-08-13T15:30:15 IST" name="Test" finished-at="2024-08-13T15:30:15 IST" duration-ms="133">
      <class name="Basic.groups">
        <test-method signature="test1()[pri:0, instance:Basic.groups@4686afc2]" started-at="2024-08-13T15:30:15 IST" name="test1" finished-at="2024-08-13T15:30:15 IST" duration-ms="11" status="PASS">
          <reporter-output>
          </reporter-output>
        </test-method> <!-- test1 -->
      </class> <!-- Basic.groups -->
    </test> <!-- Test -->
  </suite> <!-- Suite -->
</testng-results>
